<?xml version="1.0" encoding="UTF-8"?>
<!-- Generated by org.testng.reporters.JUnitReportReporter -->
<testsuite skipped="0" hostname="TVT-A-EC-729" name="MavenTestNgWithOutDependency.MavenTestNgWithOutDependency.Hello2" tests="1" failures="0" timestamp="2020-04-23T18:07:18 IST" time="0.004" errors="0">
  <testcase name="secoundTest" time="0.004" classname="MavenTestNgWithOutDependency.MavenTestNgWithOutDependency.Hello2"/>
</testsuite> <!-- MavenTestNgWithOutDependency.MavenTestNgWithOutDependency.Hello2 -->
